
Showing logs for build [32mmeta-cb-kubecd-bdd-spring-15851-2d5x8-1[0m stage [32mmeta-pipeline[0m and container [32mstep-credential-initializer-p5g7x[0m
{"level":"warn","ts":1585105139.6381361,"logger":"fallback-logger","caller":"logging/config.go:69","msg":"Fetch GitHub commit ID from kodata failed: \"ref: refs/heads/0.8.0-**-support-backwards-incompats\" is not a valid GitHub commit ID"}
{"level":"info","ts":1585105139.6386638,"logger":"fallback-logger","caller":"creds-init/main.go:40","msg":"Credentials initialized."}

Showing logs for build [32mmeta-cb-kubecd-bdd-spring-15851-2d5x8-1[0m stage [32mmeta-pipeline[0m and container [32mstep-working-dir-initializer-m4nwd[0m
{"level":"warn","ts":1585105140.5543323,"logger":"fallback-logger","caller":"logging/config.go:69","msg":"Fetch GitHub commit ID from kodata failed: open /var/run/ko/HEAD: no such file or directory"}
{"level":"info","ts":1585105140.5581825,"logger":"fallback-logger","caller":"bash/main.go:64","msg":"Successfully executed command \"sh -c mkdir -p /workspace/source\"; output "}

Showing logs for build [32mmeta-cb-kubecd-bdd-spring-15851-2d5x8-1[0m stage [32mmeta-pipeline[0m and container [32mstep-place-tools[0m

Showing logs for build [32mmeta-cb-kubecd-bdd-spring-15851-2d5x8-1[0m stage [32mmeta-pipeline[0m and container [32mstep-git-source-meta-cb-kubecd-bdd-spring-15851-2d5x8-z8vw5[0m
{"level":"warn","ts":1585105168.703237,"logger":"fallback-logger","caller":"logging/config.go:69","msg":"Fetch GitHub commit ID from kodata failed: \"ref: refs/heads/0.8.0-**-support-backwards-incompats\" is not a valid GitHub commit ID"}
{"level":"info","ts":1585105169.8851187,"logger":"fallback-logger","caller":"git/git.go:103","msg":"Successfully cloned https://github.com/cb-kubecd/bdd-spring-1585104256.git @ 23880b4539f14642174578aaa32a4c300d8eaa7a in path /workspace/source"}

Showing logs for build [32mmeta-cb-kubecd-bdd-spring-15851-2d5x8-1[0m stage [32mmeta-pipeline[0m and container [32mstep-git-merge[0m
Using SHAs from PULL_REFS=master:23880b4539f14642174578aaa32a4c300d8eaa7a,1:ba2df6f879650e9a00b772453a676b997593325d
DEBUG: LC_ALL=C JX_LOG_LEVEL=error git fetch origin --unshallow ba2df6f879650e9a00b772453a676b997593325d: 23880b4539f14642174578aaa32a4c300d8eaa7a:
DEBUG: ran git fetch --unshallow origin ba2df6f879650e9a00b772453a676b997593325d: 23880b4539f14642174578aaa32a4c300d8eaa7a: in 
DEBUG: LC_ALL=C JX_LOG_LEVEL=error git branch
DEBUG: JX_LOG_LEVEL=error LC_ALL=C git checkout master
DEBUG: ran git checkout master in 
DEBUG: LC_ALL=C JX_LOG_LEVEL=error git reset --hard 23880b4539f14642174578aaa32a4c300d8eaa7a
DEBUG: ran git reset --hard 23880b4539f14642174578aaa32a4c300d8eaa7a in 
DEBUG: LC_ALL=C JX_LOG_LEVEL=error git clean -fd .
DEBUG: ran clean --force -d . in 
DEBUG: LC_ALL=C JX_LOG_LEVEL=error git merge ba2df6f879650e9a00b772453a676b997593325d
DEBUG: ran git merge ba2df6f879650e9a00b772453a676b997593325d in 
DEBUG: LC_ALL=C JX_LOG_LEVEL=error git log --format=%H%x1f%an%x1f%ae%x1f%cn%x1f%ce%x1f%s%n%b%x1e 23880b4539f14642174578aaa32a4c300d8eaa7a..HEAD
Merged SHA ba2df6f879650e9a00b772453a676b997593325d with commit message 'My first PR commit' into base branch master

Showing logs for build [32mmeta-cb-kubecd-bdd-spring-15851-2d5x8-1[0m stage [32mmeta-pipeline[0m and container [32mstep-merge-pull-refs[0m
DEBUG: LC_ALL=C JX_LOG_LEVEL=error git fetch origin --unshallow ba2df6f879650e9a00b772453a676b997593325d: 23880b4539f14642174578aaa32a4c300d8eaa7a:
DEBUG: LC_ALL=C JX_LOG_LEVEL=error git fetch origin ba2df6f879650e9a00b772453a676b997593325d: 23880b4539f14642174578aaa32a4c300d8eaa7a:
DEBUG: ran git fetch origin ba2df6f879650e9a00b772453a676b997593325d: 23880b4539f14642174578aaa32a4c300d8eaa7a: in 
DEBUG: LC_ALL=C JX_LOG_LEVEL=error git rev-parse --is-shallow-repository
DEBUG: Unshallowed git repo in 
DEBUG: LC_ALL=C JX_LOG_LEVEL=error git branch
DEBUG: LC_ALL=C JX_LOG_LEVEL=error git checkout master
DEBUG: ran git checkout master in 
DEBUG: LC_ALL=C JX_LOG_LEVEL=error git reset --hard 23880b4539f14642174578aaa32a4c300d8eaa7a
DEBUG: ran git reset --hard 23880b4539f14642174578aaa32a4c300d8eaa7a in 
DEBUG: LC_ALL=C JX_LOG_LEVEL=error git clean -fd .
DEBUG: ran clean --force -d . in 
DEBUG: LC_ALL=C JX_LOG_LEVEL=error git merge ba2df6f879650e9a00b772453a676b997593325d
DEBUG: ran git merge ba2df6f879650e9a00b772453a676b997593325d in 
DEBUG: LC_ALL=C JX_LOG_LEVEL=error git log --format=%H%x1f%an%x1f%ae%x1f%cn%x1f%ce%x1f%s%n%b%x1e 23880b4539f14642174578aaa32a4c300d8eaa7a..HEAD
Merged SHA ba2df6f879650e9a00b772453a676b997593325d with commit message 'My first PR commit' into base branch master

Showing logs for build [32mmeta-cb-kubecd-bdd-spring-15851-2d5x8-1[0m stage [32mmeta-pipeline[0m and container [32mstep-create-effective-pipeline[0m
error: : failed to clone repository: https://github.com/cloudbees/cloudbees-jenkins-x-versions.git to dir /builder/home/.**/jenkins-x-versions: failed to fetch master from https://github.com/cloudbees/cloudbees-jenkins-x-versions.git in directory /builder/home/.**/jenkins-x-versions: git output: error: RPC failed; curl 18 transfer closed with outstanding read data remaining
fatal: the remote end hung up unexpectedly
fatal: early EOF
fatal: index-pack failed: failed to run 'git fetch origin master' command in directory '/builder/home/.**/jenkins-x-versions', output: 'error: RPC failed; curl 18 transfer closed with outstanding read data remaining
fatal: the remote end hung up unexpectedly
fatal: early EOF
fatal: index-pack failed'
[31m
Pipeline failed on stage 'meta-pipeline' : container 'step-create-effective-pipeline'. The execution of the pipeline has stopped.[0m

Showing logs for build [32mmeta-cb-kubecd-bdd-spring-15851-2d5x8-1[0m stage [32mmeta-pipeline[0m and container [32mstep-credential-initializer-p5g7x[0m
{"level":"warn","ts":1585105139.6381361,"logger":"fallback-logger","caller":"logging/config.go:69","msg":"Fetch GitHub commit ID from kodata failed: \"ref: refs/heads/0.8.0-**-support-backwards-incompats\" is not a valid GitHub commit ID"}
{"level":"info","ts":1585105139.6386638,"logger":"fallback-logger","caller":"creds-init/main.go:40","msg":"Credentials initialized."}

Showing logs for build [32mmeta-cb-kubecd-bdd-spring-15851-2d5x8-1[0m stage [32mmeta-pipeline[0m and container [32mstep-working-dir-initializer-m4nwd[0m
{"level":"warn","ts":1585105140.5543323,"logger":"fallback-logger","caller":"logging/config.go:69","msg":"Fetch GitHub commit ID from kodata failed: open /var/run/ko/HEAD: no such file or directory"}
{"level":"info","ts":1585105140.5581825,"logger":"fallback-logger","caller":"bash/main.go:64","msg":"Successfully executed command \"sh -c mkdir -p /workspace/source\"; output "}

Showing logs for build [32mmeta-cb-kubecd-bdd-spring-15851-2d5x8-1[0m stage [32mmeta-pipeline[0m and container [32mstep-place-tools[0m

Showing logs for build [32mmeta-cb-kubecd-bdd-spring-15851-2d5x8-1[0m stage [32mmeta-pipeline[0m and container [32mstep-git-source-meta-cb-kubecd-bdd-spring-15851-2d5x8-z8vw5[0m
{"level":"warn","ts":1585105168.703237,"logger":"fallback-logger","caller":"logging/config.go:69","msg":"Fetch GitHub commit ID from kodata failed: \"ref: refs/heads/0.8.0-**-support-backwards-incompats\" is not a valid GitHub commit ID"}
{"level":"info","ts":1585105169.8851187,"logger":"fallback-logger","caller":"git/git.go:103","msg":"Successfully cloned https://github.com/cb-kubecd/bdd-spring-1585104256.git @ 23880b4539f14642174578aaa32a4c300d8eaa7a in path /workspace/source"}

Showing logs for build [32mmeta-cb-kubecd-bdd-spring-15851-2d5x8-1[0m stage [32mmeta-pipeline[0m and container [32mstep-git-merge[0m
Using SHAs from PULL_REFS=master:23880b4539f14642174578aaa32a4c300d8eaa7a,1:ba2df6f879650e9a00b772453a676b997593325d
DEBUG: LC_ALL=C JX_LOG_LEVEL=error git fetch origin --unshallow ba2df6f879650e9a00b772453a676b997593325d: 23880b4539f14642174578aaa32a4c300d8eaa7a:
DEBUG: ran git fetch --unshallow origin ba2df6f879650e9a00b772453a676b997593325d: 23880b4539f14642174578aaa32a4c300d8eaa7a: in 
DEBUG: LC_ALL=C JX_LOG_LEVEL=error git branch
DEBUG: JX_LOG_LEVEL=error LC_ALL=C git checkout master
DEBUG: ran git checkout master in 
DEBUG: LC_ALL=C JX_LOG_LEVEL=error git reset --hard 23880b4539f14642174578aaa32a4c300d8eaa7a
DEBUG: ran git reset --hard 23880b4539f14642174578aaa32a4c300d8eaa7a in 
DEBUG: LC_ALL=C JX_LOG_LEVEL=error git clean -fd .
DEBUG: ran clean --force -d . in 
DEBUG: LC_ALL=C JX_LOG_LEVEL=error git merge ba2df6f879650e9a00b772453a676b997593325d
DEBUG: ran git merge ba2df6f879650e9a00b772453a676b997593325d in 
DEBUG: LC_ALL=C JX_LOG_LEVEL=error git log --format=%H%x1f%an%x1f%ae%x1f%cn%x1f%ce%x1f%s%n%b%x1e 23880b4539f14642174578aaa32a4c300d8eaa7a..HEAD
Merged SHA ba2df6f879650e9a00b772453a676b997593325d with commit message 'My first PR commit' into base branch master

Showing logs for build [32mmeta-cb-kubecd-bdd-spring-15851-2d5x8-1[0m stage [32mmeta-pipeline[0m and container [32mstep-merge-pull-refs[0m
DEBUG: LC_ALL=C JX_LOG_LEVEL=error git fetch origin --unshallow ba2df6f879650e9a00b772453a676b997593325d: 23880b4539f14642174578aaa32a4c300d8eaa7a:
DEBUG: LC_ALL=C JX_LOG_LEVEL=error git fetch origin ba2df6f879650e9a00b772453a676b997593325d: 23880b4539f14642174578aaa32a4c300d8eaa7a:
DEBUG: ran git fetch origin ba2df6f879650e9a00b772453a676b997593325d: 23880b4539f14642174578aaa32a4c300d8eaa7a: in 
DEBUG: LC_ALL=C JX_LOG_LEVEL=error git rev-parse --is-shallow-repository
DEBUG: Unshallowed git repo in 
DEBUG: LC_ALL=C JX_LOG_LEVEL=error git branch
DEBUG: LC_ALL=C JX_LOG_LEVEL=error git checkout master
DEBUG: ran git checkout master in 
DEBUG: LC_ALL=C JX_LOG_LEVEL=error git reset --hard 23880b4539f14642174578aaa32a4c300d8eaa7a
DEBUG: ran git reset --hard 23880b4539f14642174578aaa32a4c300d8eaa7a in 
DEBUG: LC_ALL=C JX_LOG_LEVEL=error git clean -fd .
DEBUG: ran clean --force -d . in 
DEBUG: LC_ALL=C JX_LOG_LEVEL=error git merge ba2df6f879650e9a00b772453a676b997593325d
DEBUG: ran git merge ba2df6f879650e9a00b772453a676b997593325d in 
DEBUG: LC_ALL=C JX_LOG_LEVEL=error git log --format=%H%x1f%an%x1f%ae%x1f%cn%x1f%ce%x1f%s%n%b%x1e 23880b4539f14642174578aaa32a4c300d8eaa7a..HEAD
Merged SHA ba2df6f879650e9a00b772453a676b997593325d with commit message 'My first PR commit' into base branch master

Showing logs for build [32mmeta-cb-kubecd-bdd-spring-15851-2d5x8-1[0m stage [32mmeta-pipeline[0m and container [32mstep-create-effective-pipeline[0m
error: : failed to clone repository: https://github.com/cloudbees/cloudbees-jenkins-x-versions.git to dir /builder/home/.**/jenkins-x-versions: failed to fetch master from https://github.com/cloudbees/cloudbees-jenkins-x-versions.git in directory /builder/home/.**/jenkins-x-versions: git output: error: RPC failed; curl 18 transfer closed with outstanding read data remaining
fatal: the remote end hung up unexpectedly
fatal: early EOF
fatal: index-pack failed: failed to run 'git fetch origin master' command in directory '/builder/home/.**/jenkins-x-versions', output: 'error: RPC failed; curl 18 transfer closed with outstanding read data remaining
fatal: the remote end hung up unexpectedly
fatal: early EOF
fatal: index-pack failed'
[31m
Pipeline failed on stage 'meta-pipeline' : container 'step-create-effective-pipeline'. The execution of the pipeline has stopped.[0m
